\BOOKMARK [0][-]{chapter.1}{\376\377\000F\000E\000A\000S\000T\000\040\000m\000o\000d\000u\000l\000e\000s}{}% 1
\BOOKMARK [1][-]{section.1.1}{\376\377\000R\000e\000s\000u\000l\000t\000s\000P\000r\000o\000c\000e\000s\000s\000i\000n\000g}{chapter.1}% 2
\BOOKMARK [2][-]{subsection.1.1.1}{\376\377\000r\000e\000s\000u\000l\000t\000s\000\137\000a\000n\000a\000l\000y\000s\000i\000s\000\137\000f\000u\000n\000c\000t\000i\000o\000n\000s}{section.1.1}% 3
\BOOKMARK [3][-]{subsubsection.1.1.1.1}{\376\377\000n\000p\000v\000\137\000c\000a\000l\000c\000u\000l\000a\000t\000o\000r}{subsection.1.1.1}% 4
\BOOKMARK [3][-]{subsubsection.1.1.1.2}{\376\377\000n\000p\000v\000\137\000c\000a\000l\000c\000u\000l\000a\000t\000o\000r\000\137\000j\000s\000o\000n}{subsection.1.1.1}% 5
\BOOKMARK [3][-]{subsubsection.1.1.1.3}{\376\377\000r\000e\000s\000u\000l\000t\000s\000\137\000a\000n\000a\000l\000y\000s\000i\000s}{subsection.1.1.1}% 6
\BOOKMARK [3][-]{subsubsection.1.1.1.4}{\376\377\000r\000e\000s\000u\000l\000t\000s\000\137\000a\000n\000a\000l\000y\000s\000i\000s\000\137\000j\000s\000o\000n}{subsection.1.1.1}% 7
\BOOKMARK [2][-]{subsection.1.1.2}{\376\377\000p\000l\000o\000t\000t\000i\000n\000g\000\137\000f\000u\000n\000c\000t\000i\000o\000n\000s}{section.1.1}% 8
\BOOKMARK [3][-]{subsubsection.1.1.2.1}{\376\377\000a\000b\000a\000t\000e\000m\000e\000n\000t\000\137\000c\000o\000s\000t\000\137\000p\000l\000o\000t\000t\000e\000r}{subsection.1.1.2}% 9
\BOOKMARK [3][-]{subsubsection.1.1.2.2}{\376\377\000a\000b\000a\000t\000e\000m\000e\000n\000t\000\137\000c\000o\000s\000t\000\137\000p\000l\000o\000t\000t\000e\000r\000\137\000j\000s\000o\000n}{subsection.1.1.2}% 10
\BOOKMARK [3][-]{subsubsection.1.1.2.3}{\376\377\000p\000l\000o\000t\000\137\000f\000i\000x\000e\000r}{subsection.1.1.2}% 11
\BOOKMARK [3][-]{subsubsection.1.1.2.4}{\376\377\000t\000i\000m\000e\000\137\000s\000e\000r\000i\000e\000s}{subsection.1.1.2}% 12
\BOOKMARK [3][-]{subsubsection.1.1.2.5}{\376\377\000t\000i\000m\000e\000\137\000s\000e\000r\000i\000e\000s\000\137\000a\000l\000l\000m\000c}{subsection.1.1.2}% 13
\BOOKMARK [3][-]{subsubsection.1.1.2.6}{\376\377\000t\000i\000m\000e\000\137\000s\000e\000r\000i\000e\000s\000\137\000a\000l\000l\000m\000c\000\137\000j\000s\000o\000n}{subsection.1.1.2}% 14
\BOOKMARK [1][-]{section.1.2}{\376\377\000D\000e\000t\000e\000c\000t\000i\000o\000n\000M\000o\000d\000u\000l\000e\000s}{chapter.1}% 15
\BOOKMARK [2][-]{subsection.1.2.1}{\376\377\000l\000d\000a\000r\000\137\000p\000r\000o\000g\000r\000a\000m}{section.1.2}% 16
\BOOKMARK [3][-]{subsubsection.1.2.1.1}{\376\377\000L\000D\000A\000R\000P\000r\000o\000g\000r\000a\000m}{subsection.1.2.1}% 17
\BOOKMARK [2][-]{subsection.1.2.2}{\376\377\000s\000i\000t\000e\000\137\000m\000o\000n\000i\000t\000o\000r}{section.1.2}% 18
\BOOKMARK [3][-]{subsubsection.1.2.2.1}{\376\377\000S\000i\000t\000e\000M\000o\000n\000i\000t\000o\000r}{subsection.1.2.2}% 19
\BOOKMARK [2][-]{subsection.1.2.3}{\376\377\000s\000i\000t\000e\000\137\000s\000u\000r\000v\000e\000y}{section.1.2}% 20
\BOOKMARK [3][-]{subsubsection.1.2.3.1}{\376\377\000S\000i\000t\000e\000S\000u\000r\000v\000e\000y}{subsection.1.2.3}% 21
\BOOKMARK [2][-]{subsection.1.2.4}{\376\377\000c\000o\000m\000p\000\137\000s\000u\000r\000v\000e\000y}{section.1.2}% 22
\BOOKMARK [3][-]{subsubsection.1.2.4.1}{\376\377\000C\000o\000m\000p\000S\000u\000r\000v\000e\000y}{subsection.1.2.4}% 23
\BOOKMARK [2][-]{subsection.1.2.5}{\376\377\000a\000b\000s\000t\000r\000a\000c\000t\000\137\000d\000e\000t\000e\000c\000t\000i\000o\000n\000\137\000m\000e\000t\000h\000o\000d}{section.1.2}% 24
\BOOKMARK [3][-]{subsubsection.1.2.5.1}{\376\377\000D\000e\000t\000e\000c\000t\000i\000o\000n\000M\000e\000t\000h\000o\000d}{subsection.1.2.5}% 25
\BOOKMARK [2][-]{subsection.1.2.6}{\376\377\000r\000e\000p\000a\000i\000r}{section.1.2}% 26
\BOOKMARK [3][-]{subsubsection.1.2.6.1}{\376\377\000R\000e\000p\000a\000i\000r}{subsection.1.2.6}% 27
\BOOKMARK [1][-]{section.1.3}{\376\377\000E\000m\000i\000s\000s\000i\000o\000n\000S\000i\000m\000M\000o\000d\000u\000l\000e\000s}{chapter.1}% 28
\BOOKMARK [2][-]{subsection.1.3.1}{\376\377\000r\000e\000s\000u\000l\000t\000\137\000c\000l\000a\000s\000s\000e\000s}{section.1.3}% 29
\BOOKMARK [3][-]{subsubsection.1.3.1.1}{\376\377\000R\000e\000s\000u\000l\000t\000A\000g\000g\000r\000e\000g\000a\000t\000e}{subsection.1.3.1}% 30
\BOOKMARK [3][-]{subsubsection.1.3.1.2}{\376\377\000R\000e\000s\000u\000l\000t\000C\000o\000n\000t\000i\000n\000u\000o\000u\000s}{subsection.1.3.1}% 31
\BOOKMARK [3][-]{subsubsection.1.3.1.3}{\376\377\000R\000e\000s\000u\000l\000t\000D\000i\000s\000c\000r\000e\000t\000e}{subsection.1.3.1}% 32
\BOOKMARK [2][-]{subsection.1.3.2}{\376\377\000e\000m\000i\000s\000s\000i\000o\000n\000\137\000c\000l\000a\000s\000s\000\137\000f\000u\000n\000c\000t\000i\000o\000n\000s}{section.1.3}% 33
\BOOKMARK [3][-]{subsubsection.1.3.2.1}{\376\377\000E\000m\000i\000s\000s\000i\000o\000n}{subsection.1.3.2}% 34
\BOOKMARK [3][-]{subsubsection.1.3.2.2}{\376\377\000b\000o\000o\000t\000s\000t\000r\000a\000p\000\137\000e\000m\000i\000s\000s\000i\000o\000n\000\137\000m\000a\000k\000e\000r}{subsection.1.3.2}% 35
\BOOKMARK [3][-]{subsubsection.1.3.2.3}{\376\377\000c\000o\000m\000p\000\137\000i\000n\000d\000e\000x\000e\000s\000\137\000f\000c\000n}{subsection.1.3.2}% 36
\BOOKMARK [3][-]{subsubsection.1.3.2.4}{\376\377\000e\000m\000i\000s\000s\000i\000o\000n\000\137\000o\000b\000j\000e\000c\000t\000s\000\137\000g\000e\000n\000e\000r\000a\000t\000o\000r}{subsection.1.3.2}% 37
\BOOKMARK [3][-]{subsubsection.1.3.2.5}{\376\377\000p\000e\000r\000m\000i\000t\000t\000e\000d\000\137\000e\000m\000i\000s\000s\000i\000o\000n}{subsection.1.3.2}% 38
\BOOKMARK [2][-]{subsection.1.3.3}{\376\377\000s\000i\000m\000u\000l\000a\000t\000i\000o\000n\000\137\000c\000l\000a\000s\000s\000e\000s}{section.1.3}% 39
\BOOKMARK [3][-]{subsubsection.1.3.3.1}{\376\377\000S\000c\000e\000n\000a\000r\000i\000o}{subsection.1.3.3}% 40
\BOOKMARK [3][-]{subsubsection.1.3.3.2}{\376\377\000T\000i\000m\000e}{subsection.1.3.3}% 41
\BOOKMARK [2][-]{subsection.1.3.4}{\376\377\000i\000n\000f\000r\000a\000s\000t\000r\000u\000c\000t\000u\000r\000e\000\137\000c\000l\000a\000s\000s\000e\000s}{section.1.3}% 42
\BOOKMARK [3][-]{subsubsection.1.3.4.1}{\376\377\000C\000o\000m\000p\000o\000n\000e\000n\000t}{subsection.1.3.4}% 43
\BOOKMARK [3][-]{subsubsection.1.3.4.2}{\376\377\000G\000a\000s\000F\000i\000e\000l\000d}{subsection.1.3.4}% 44
\BOOKMARK [3][-]{subsubsection.1.3.4.3}{\376\377\000S\000i\000t\000e}{subsection.1.3.4}% 45
\BOOKMARK [1][-]{section.1.4}{\376\377\000i\000n\000p\000u\000t\000\137\000d\000a\000t\000a\000\137\000c\000l\000a\000s\000s\000e\000s}{chapter.1}% 46
\BOOKMARK [2][-]{subsection.1.4.1}{\376\377\000D\000a\000t\000a\000F\000i\000l\000e}{section.1.4}% 47
\BOOKMARK [2][-]{subsection.1.4.2}{\376\377\000L\000e\000a\000k\000D\000a\000t\000a}{section.1.4}% 48
\BOOKMARK [2][-]{subsection.1.4.3}{\376\377\000P\000r\000o\000d\000u\000c\000t\000i\000o\000n\000D\000a\000t\000a}{section.1.4}% 49
\BOOKMARK [2][-]{subsection.1.4.4}{\376\377\000R\000e\000p\000a\000i\000r\000D\000a\000t\000a}{section.1.4}% 50
\BOOKMARK [0][-]{section*.85}{\376\377\000P\000y\000t\000h\000o\000n\000\040\000M\000o\000d\000u\000l\000e\000\040\000I\000n\000d\000e\000x}{}% 51
